<?xml version="1.0" encoding="UTF-8"?>
<testng-results ignored="0" total="1" passed="1" failed="0" skipped="0">
  <reporter-output>
  </reporter-output>
  <suite started-at="2022-11-09T22:02:06 IST" name="All Tests" finished-at="2022-11-09T22:02:15 IST" duration-ms="8636">
    <groups>
    </groups>
    <test started-at="2022-11-09T22:02:06 IST" name="Grid TestingLanding Page Tests" finished-at="2022-11-09T22:02:06 IST" duration-ms="4">
    </test> <!-- Grid TestingLanding Page Tests -->
    <test started-at="2022-11-09T22:02:06 IST" name="Test" finished-at="2022-11-09T22:02:15 IST" duration-ms="8584">
      <class name="tests.NewTest">
        <test-method is-config="true" signature="beforeTest()[pri:0, instance:tests.NewTest@345965f2]" started-at="2022-11-09T22:02:06 IST" name="beforeTest" finished-at="2022-11-09T22:02:06 IST" duration-ms="6" status="PASS">
          <reporter-output>
          </reporter-output>
        </test-method> <!-- beforeTest -->
        <test-method signature="f()[pri:0, instance:tests.NewTest@345965f2]" started-at="2022-11-09T22:02:06 IST" name="f" finished-at="2022-11-09T22:02:15 IST" duration-ms="8565" status="PASS">
          <reporter-output>
          </reporter-output>
        </test-method> <!-- f -->
        <test-method is-config="true" signature="afterTest()[pri:0, instance:tests.NewTest@345965f2]" started-at="2022-11-09T22:02:15 IST" name="afterTest" finished-at="2022-11-09T22:02:15 IST" duration-ms="1" status="PASS">
          <reporter-output>
          </reporter-output>
        </test-method> <!-- afterTest -->
      </class> <!-- tests.NewTest -->
    </test> <!-- Test -->
  </suite> <!-- All Tests -->
</testng-results>
